0 info it worked if it ends with ok
1 verbose cli [ 'C:\\Program Files\\nodejs\\node_modules\\node.exe',
1 verbose cli   'C:\\Program Files\\nodejs\\node_modules\\node_modules\\npm\\bin\\npm-cli.js',
1 verbose cli   'run',
1 verbose cli   'dev' ]
2 info using npm@3.10.10
3 info using node@v6.11.3
4 verbose run-script [ 'predev', 'dev', 'postdev' ]
5 info lifecycle viralchain.net@1.0.0~predev: viralchain.net@1.0.0
6 silly lifecycle viralchain.net@1.0.0~predev: no script for predev, continuing
7 info lifecycle viralchain.net@1.0.0~dev: viralchain.net@1.0.0
8 verbose lifecycle viralchain.net@1.0.0~dev: unsafe-perm in lifecycle true
9 verbose lifecycle viralchain.net@1.0.0~dev: PATH: C:\Program Files\nodejs\node_modules\node_modules\npm\bin\node-gyp-bin;E:\APP2\krawl\dist\node_modules\.bin;C:\Users\Hoang Hiep\AppData\Local\Yarn\config\global\node_modules\.bin;C:\Users\Hoang Hiep\AppData\Roaming\npm;C:\Users\Hoang Hiep\AppData\Roaming\Composer\vendor\bin;;C:\laragon\bin\laragon\utils;C:\laragon\bin\mysql\mysql-5.7.19-winx64\bin;C:\laragon\bin\php\php-7.1.7-Win32-VC14-x64;C:\laragon\bin\composer;C:\laragon\bin\apache\httpd-2.4.27-win64-VC14\bin;C:\laragon\bin\redis\redis-x64-3.2.100;C:\laragon\bin\nodejs\node-v8.1.2-x64;C:\laragon\bin\yarn\bin;C:\laragon\bin\nginx\nginx-1.12.0;C:\laragon\bin\notepad++;C:\laragon\bin\telnet;C:\laragon\bin\ngrok;C:\laragon\bin\git\bin;C:\laragon\bin\git\cmd;C:\laragon\bin\git\usr\bin;C:\laragon\bin\git\mingw64\bin;C:\laragon\bin;C:\laragon\usr\bin;C:\laragon\bin\putty;C:\laragon\bin\cmder\bin;C:\Python27\;C:\Python27\Scripts;C:\WINDOWS\system32;C:\WINDOWS;C:\WINDOWS\System32\Wbem;C:\WINDOWS\System32\WindowsPowerShell\v1.0\;E:\curl;C:\laragon\bin\php\php-7.1.1-Win32-VC14-x86;C:\ProgramData\ComposerSetup\bin;C:\ProgramData\chocolatey\bin;C:\Program Files\Java\jdk1.8.0_131\bin;C:\Android\android-sdk\tools;C:\Android\android-sdk\platform-tools;C:\Program Files (x86)\Yarn\bin;C:\Program Files (x86)\Bitvise SSH Client;C:\Program Files (x86)\Skype\Phone\;C:\Program Files\Git\cmd;C:\MongoDB\Server\3.4\bin;C:\Program Files\nodejs\node_modules\;C:\Users\Hoang Hiep\AppData\Local\Microsoft\WindowsApps;C:\Users\Hoang Hiep\AppData\Roaming\Composer\vendor\bin;C:\Program Files\nodejs;C:\Users\Hoang Hiep\AppData\Local\Yarn\bin;C:\Program Files\Heroku\bin;C:\MongoDB\Server\3.4\bin;;C:\Users\Hoang Hiep\AppData\Local\Programs\Fiddler;C:\Users\Hoang Hiep\AppData\Roaming\npm;C:\Program Files\Microsoft VS Code\bin;C:\Program Files\Git\usr\bin;C:\Program Files\Git\usr\share\vim\vim74;C:\laragon\bin\cmder\;
10 verbose lifecycle viralchain.net@1.0.0~dev: CWD: E:\APP2\krawl\dist
11 silly lifecycle viralchain.net@1.0.0~dev: Args: [ '/d /s /c',
11 silly lifecycle   'webpack --env=dev --progress --profile --colors' ]
12 silly lifecycle viralchain.net@1.0.0~dev: Returned: code: 4294967295  signal: null
13 info lifecycle viralchain.net@1.0.0~dev: Failed to exec dev script
14 verbose stack Error: viralchain.net@1.0.0 dev: `webpack --env=dev --progress --profile --colors`
14 verbose stack Exit status 4294967295
14 verbose stack     at EventEmitter.<anonymous> (C:\Program Files\nodejs\node_modules\node_modules\npm\lib\utils\lifecycle.js:255:16)
14 verbose stack     at emitTwo (events.js:106:13)
14 verbose stack     at EventEmitter.emit (events.js:191:7)
14 verbose stack     at ChildProcess.<anonymous> (C:\Program Files\nodejs\node_modules\node_modules\npm\lib\utils\spawn.js:40:14)
14 verbose stack     at emitTwo (events.js:106:13)
14 verbose stack     at ChildProcess.emit (events.js:191:7)
14 verbose stack     at maybeClose (internal/child_process.js:920:16)
14 verbose stack     at Process.ChildProcess._handle.onexit (internal/child_process.js:230:5)
15 verbose pkgid viralchain.net@1.0.0
16 verbose cwd E:\APP2\krawl\dist
17 error Windows_NT 10.0.15063
18 error argv "C:\\Program Files\\nodejs\\node_modules\\node.exe" "C:\\Program Files\\nodejs\\node_modules\\node_modules\\npm\\bin\\npm-cli.js" "run" "dev"
19 error node v6.11.3
20 error npm  v3.10.10
21 error code ELIFECYCLE
22 error viralchain.net@1.0.0 dev: `webpack --env=dev --progress --profile --colors`
22 error Exit status 4294967295
23 error Failed at the viralchain.net@1.0.0 dev script 'webpack --env=dev --progress --profile --colors'.
23 error Make sure you have the latest version of node.js and npm installed.
23 error If you do, this is most likely a problem with the viralchain.net package,
23 error not with npm itself.
23 error Tell the author that this fails on your system:
23 error     webpack --env=dev --progress --profile --colors
23 error You can get information on how to open an issue for this project with:
23 error     npm bugs viralchain.net
23 error Or if that isn't available, you can get their info via:
23 error     npm owner ls viralchain.net
23 error There is likely additional logging output above.
24 verbose exit [ 1, true ]
